Demo/gradleBuild/outputs/logs/manifest-merger-debug-report.txt
-- Merging decision tree log ---
manifest
ADDED from demo/Event_Android_Demo/AndroidManifest.xml:18:1-49:12
MERGED from [com.android.support.constraint:constraint-layout:1.1.3] AndroidManifest.xml:2:1-11:12
MERGED from [org.tensorflow:tensorflow-android:1.5.0] AndroidManifest.xml:2:1-8:12
MERGED from [:sense-sdk:] AndroidManifest.xml:2:1-11:12
MERGED from [org.tensorflow:tensorflow-lite:0.0.0-nightly] AndroidManifest.xml:2:1-10:12
MERGED from [org.tensorflow:tensorflow-lite-gpu:0.0.0-nightly] AndroidManifest.xml:2:1-10:12
MERGED from [com.android.support:multidex:1.0.3] AndroidManifest.xml:17:1-22:12
MERGED from [com.android.support:support-v4:26.1.0] AndroidManifest.xml:17:1-31:12
MERGED from [com.android.support:support-media-compat:26.1.0] AndroidManifest.xml:17:1-31:12
MERGED from [com.android.support:support-fragment:26.1.0] AndroidManifest.xml:17:1-31:12
MERGED from [com.android.support:support-core-utils:26.1.0] AndroidManifest.xml:17:1-31:12
MERGED from [com.android.support:support-core-ui:26.1.0] AndroidManifest.xml:17:1-31:12
MERGED from [com.android.support:support-compat:26.1.0] AndroidManifest.xml:17:1-31:12
MERGED from [android.arch.lifecycle:runtime:1.0.0] AndroidManifest.xml:17:1-30:12
	package
		ADDED from demo/Event_Android_Demo/AndroidManifest.xml:19:5-34
	xmlns:android
		ADDED from demo/Event_Android_Demo/AndroidManifest.xml:18:11-69
uses-permission#android.permission.WRITE_EXTERNAL_STORAGE
ADDED from demo/Event_Android_Demo/AndroidManifest.xml:21:5-80
	android:name
		ADDED from demo/Event_Android_Demo/AndroidManifest.xml:21:22-78
uses-permission#android.permission.RECORD_AUDIO
ADDED from demo/Event_Android_Demo/AndroidManifest.xml:22:5-71
	android:name
		ADDED from demo/Event_Android_Demo/AndroidManifest.xml:22:22-68
uses-permission#android.permission.INTERNET
ADDED from demo/Event_Android_Demo/AndroidManifest.xml:23:5-66
	android:name
		ADDED from demo/Event_Android_Demo/AndroidManifest.xml:23:22-64
uses-permission#android.permission.READ_EXTERNAL_STORAGE
ADDED from demo/Event_Android_Demo/AndroidManifest.xml:24:5-80
	android:name
		ADDED from demo/Event_Android_Demo/AndroidManifest.xml:24:22-77
application
ADDED from demo/Event_Android_Demo/AndroidManifest.xml:26:5-47:19
MERGED from [com.android.support.constraint:constraint-layout:1.1.3] AndroidManifest.xml:9:5-20
MERGED from [com.android.support.constraint:constraint-layout:1.1.3] AndroidManifest.xml:9:5-20
MERGED from [org.tensorflow:tensorflow-android:1.5.0] AndroidManifest.xml:5:5-6:19
MERGED from [org.tensorflow:tensorflow-android:1.5.0] AndroidManifest.xml:5:5-6:19
MERGED from [org.tensorflow:tensorflow-lite:0.0.0-nightly] AndroidManifest.xml:8:5-20
MERGED from [org.tensorflow:tensorflow-lite:0.0.0-nightly] AndroidManifest.xml:8:5-20
MERGED from [org.tensorflow:tensorflow-lite-gpu:0.0.0-nightly] AndroidManifest.xml:8:5-20
MERGED from [org.tensorflow:tensorflow-lite-gpu:0.0.0-nightly] AndroidManifest.xml:8:5-20
MERGED from [com.android.support:support-v4:26.1.0] AndroidManifest.xml:25:5-29:19
MERGED from [com.android.support:support-v4:26.1.0] AndroidManifest.xml:25:5-29:19
MERGED from [com.android.support:support-media-compat:26.1.0] AndroidManifest.xml:25:5-29:19
MERGED from [com.android.support:support-media-compat:26.1.0] AndroidManifest.xml:25:5-29:19
MERGED from [com.android.support:support-fragment:26.1.0] AndroidManifest.xml:25:5-29:19
MERGED from [com.android.support:support-fragment:26.1.0] AndroidManifest.xml:25:5-29:19
MERGED from [com.android.support:support-core-utils:26.1.0] AndroidManifest.xml:25:5-29:19
MERGED from [com.android.support:support-core-utils:26.1.0] AndroidManifest.xml:25:5-29:19
MERGED from [com.android.support:support-core-ui:26.1.0] AndroidManifest.xml:25:5-29:19
MERGED from [com.android.support:support-core-ui:26.1.0] AndroidManifest.xml:25:5-29:19
MERGED from [com.android.support:support-compat:26.1.0] AndroidManifest.xml:25:5-29:19
MERGED from [com.android.support:support-compat:26.1.0] AndroidManifest.xml:25:5-29:19
MERGED from [android.arch.lifecycle:runtime:1.0.0] AndroidManifest.xml:24:5-28:19
MERGED from [android.arch.lifecycle:runtime:1.0.0] AndroidManifest.xml:24:5-28:19
	android:label
		ADDED from demo/Event_Android_Demo/AndroidManifest.xml:28:9-41
	android:hardwareAccelerated
		ADDED from demo/Event_Android_Demo/AndroidManifest.xml:29:9-44
	android:debuggable
		ADDED from demo/Event_Android_Demo/AndroidManifest.xml:27:9-34
	android:largeHeap
		ADDED from demo/Event_Android_Demo/AndroidManifest.xml:30:9-33
	android:icon
		ADDED from demo/Event_Android_Demo/AndroidManifest.xml:31:9-45
	android:allowBackup
		ADDED from demo/Event_Android_Demo/AndroidManifest.xml:26:18-44
	android:theme
		ADDED from demo/Event_Android_Demo/AndroidManifest.xml:32:9-45
activity#org.tensorflow.demo.MainActivity
ADDED from demo/Event_Android_Demo/AndroidManifest.xml:34:9-42:20
	android:screenOrientation
		ADDED from demo/Event_Android_Demo/AndroidManifest.xml:35:13-49
	android:label
		ADDED from demo/Event_Android_Demo/AndroidManifest.xml:36:13-45
	android:name
		ADDED from demo/Event_Android_Demo/AndroidManifest.xml:34:19-66
intent-filter#action:name:android.intent.action.MAIN+category:name:android.intent.category.LAUNCHER+category:name:android.intent.category.LEANBACK_LAUNCHER
ADDED from demo/Event_Android_Demo/AndroidManifest.xml:37:13-41:29
action#android.intent.action.MAIN
ADDED from demo/Event_Android_Demo/AndroidManifest.xml:38:17-69
	android:name
		ADDED from demo/Event_Android_Demo/AndroidManifest.xml:38:25-66
category#android.intent.category.LAUNCHER
ADDED from demo/Event_Android_Demo/AndroidManifest.xml:39:17-77
	android:name
		ADDED from demo/Event_Android_Demo/AndroidManifest.xml:39:27-74
category#android.intent.category.LEANBACK_LAUNCHER
ADDED from demo/Event_Android_Demo/AndroidManifest.xml:40:17-86
	android:name
		ADDED from demo/Event_Android_Demo/AndroidManifest.xml:40:27-83
activity#org.tensorflow.demo.EventActivity
ADDED from demo/Event_Android_Demo/AndroidManifest.xml:43:9-46:20
	android:screenOrientation
		ADDED from demo/Event_Android_Demo/AndroidManifest.xml:44:13-49
	android:name
		ADDED from demo/Event_Android_Demo/AndroidManifest.xml:43:19-67
uses-sdk
INJECTED from demo/Event_Android_Demo/AndroidManifest.xml reason: use-sdk injection requested
INJECTED from demo/Event_Android_Demo/AndroidManifest.xml
INJECTED from demo/Event_Android_Demo/AndroidManifest.xml
MERGED from [com.android.support.constraint:constraint-layout:1.1.3] AndroidManifest.xml:5:5-7:41
MERGED from [com.android.support.constraint:constraint-layout:1.1.3] AndroidManifest.xml:5:5-7:41
MERGED from [:sense-sdk:] AndroidManifest.xml:7:5-9:41
MERGED from [:sense-sdk:] AndroidManifest.xml:7:5-9:41
MERGED from [org.tensorflow:tensorflow-lite:0.0.0-nightly] AndroidManifest.xml:5:5-6:41
MERGED from [org.tensorflow:tensorflow-lite:0.0.0-nightly] AndroidManifest.xml:5:5-6:41
MERGED from [org.tensorflow:tensorflow-lite-gpu:0.0.0-nightly] AndroidManifest.xml:5:5-6:41
MERGED from [org.tensorflow:tensorflow-lite-gpu:0.0.0-nightly] AndroidManifest.xml:5:5-6:41
MERGED from [com.android.support:multidex:1.0.3] AndroidManifest.xml:20:5-43
MERGED from [com.android.support:multidex:1.0.3] AndroidManifest.xml:20:5-43
MERGED from [com.android.support:support-v4:26.1.0] AndroidManifest.xml:21:5-23:54
MERGED from [com.android.support:support-v4:26.1.0] AndroidManifest.xml:21:5-23:54
MERGED from [com.android.support:support-media-compat:26.1.0] AndroidManifest.xml:21:5-23:63
MERGED from [com.android.support:support-media-compat:26.1.0] AndroidManifest.xml:21:5-23:63
MERGED from [com.android.support:support-fragment:26.1.0] AndroidManifest.xml:21:5-23:60
MERGED from [com.android.support:support-fragment:26.1.0] AndroidManifest.xml:21:5-23:60
MERGED from [com.android.support:support-core-utils:26.1.0] AndroidManifest.xml:21:5-23:61
MERGED from [com.android.support:support-core-utils:26.1.0] AndroidManifest.xml:21:5-23:61
MERGED from [com.android.support:support-core-ui:26.1.0] AndroidManifest.xml:21:5-23:58
MERGED from [com.android.support:support-core-ui:26.1.0] AndroidManifest.xml:21:5-23:58
MERGED from [com.android.support:support-compat:26.1.0] AndroidManifest.xml:21:5-23:58
MERGED from [com.android.support:support-compat:26.1.0] AndroidManifest.xml:21:5-23:58
MERGED from [android.arch.lifecycle:runtime:1.0.0] AndroidManifest.xml:20:5-22:41
MERGED from [android.arch.lifecycle:runtime:1.0.0] AndroidManifest.xml:20:5-22:41
INJECTED from demo/Event_Android_Demo/AndroidManifest.xml
INJECTED from demo/Event_Android_Demo/AndroidManifest.xml
	tools:overrideLibrary
		ADDED from [com.android.support:support-v4:26.1.0] AndroidManifest.xml:23:9-51
	android:targetSdkVersion
		INJECTED from demo/Event_Android_Demo/AndroidManifest.xml
		ADDED from demo/Event_Android_Demo/AndroidManifest.xml
		INJECTED from demo/Event_Android_Demo/AndroidManifest.xml
	android:minSdkVersion
		INJECTED from demo/Event_Android_Demo/AndroidManifest.xml
		ADDED from demo/Event_Android_Demo/AndroidManifest.xml
		MERGED from demo/Event_Android_Demo/AndroidManifest.xml
		MERGED from demo/Event_Android_Demo/AndroidManifest.xml
		INJECTED from demo/Event_Android_Demo/AndroidManifest.xml
uses-permission#android.permission.READ_PHONE_STATE
IMPLIED from demo/Event_Android_Demo/AndroidManifest.xml:18:1-49:12 reason: tensorflow.contrib.android has a targetSdkVersion < 4
meta-data#android.support.VERSION
ADDED from [com.android.support:support-v4:26.1.0] AndroidManifest.xml:26:9-28:38
MERGED from [com.android.support:support-media-compat:26.1.0] AndroidManifest.xml:26:9-28:38
MERGED from [com.android.support:support-media-compat:26.1.0] AndroidManifest.xml:26:9-28:38
MERGED from [com.android.support:support-fragment:26.1.0] AndroidManifest.xml:26:9-28:38
MERGED from [com.android.support:support-fragment:26.1.0] AndroidManifest.xml:26:9-28:38
MERGED from [com.android.support:support-core-utils:26.1.0] AndroidManifest.xml:26:9-28:38
MERGED from [com.android.support:support-core-utils:26.1.0] AndroidManifest.xml:26:9-28:38
MERGED from [com.android.support:support-core-ui:26.1.0] AndroidManifest.xml:26:9-28:38
MERGED from [com.android.support:support-core-ui:26.1.0] AndroidManifest.xml:26:9-28:38
MERGED from [com.android.support:support-compat:26.1.0] AndroidManifest.xml:26:9-28:38
MERGED from [com.android.support:support-compat:26.1.0] AndroidManifest.xml:26:9-28:38
	android:value
		ADDED from [com.android.support:support-v4:26.1.0] AndroidManifest.xml:28:13-35
	android:name
		ADDED from [com.android.support:support-v4:26.1.0] AndroidManifest.xml:27:13-51
meta-data#android.arch.lifecycle.VERSION
ADDED from [android.arch.lifecycle:runtime:1.0.0] AndroidManifest.xml:25:9-27:47
	android:value
		ADDED from [android.arch.lifecycle:runtime:1.0.0] AndroidManifest.xml:27:13-44
	android:name
		ADDED from [android.arch.lifecycle:runtime:1.0.0] AndroidManifest.xml:26:13-58